<?xml version="1.0" encoding="UTF-8"?>
<!-- Generated by org.testng.reporters.JUnitReportReporter -->
<testsuite hostname="LH11-08" name="com.lh.common.tests.BasePageTomcatTest" tests="1" failures="0" timestamp="4 Apr 2016 20:31:07 GMT" time="0.407" errors="0">
  <testcase name="verifyHomePage" time="0.407" classname="com.lh.common.tests.BasePageTomcatTest"/>
</testsuite> <!-- com.lh.common.tests.BasePageTomcatTest -->
