<?xml version="1.0" encoding="UTF-8"?>
<!-- Generated by org.testng.reporters.JUnitReportReporter -->
<testsuite hostname="LH11-08" name="com.lh.common.tests.BasePageTest" tests="1" failures="0" timestamp="3 Apr 2016 21:40:12 GMT" time="0.225" errors="0">
  <testcase name="verifyHomePage" time="0.225" classname="com.lh.common.tests.BasePageTest"/>
</testsuite> <!-- com.lh.common.tests.BasePageTest -->
