<?xml version="1.0" encoding="UTF-8"?>
<!-- Generated by org.testng.reporters.JUnitReportReporter -->
<testsuite hostname="biggy" name="com.lh.common.tests.BasePageTomcatTest" tests="9" failures="0" timestamp="16 Apr 2016 13:49:43 GMT" time="0.639" errors="0">
  <testcase name="verifyBasePageWelcomeToPortalText" time="0.044" classname="com.lh.common.tests.BasePageTomcatTest"/>
  <testcase name="verifyHomePageTitle" time="0.031" classname="com.lh.common.tests.BasePageTomcatTest"/>
  <testcase name="verifyBasePageHomeLink" time="0.040" classname="com.lh.common.tests.BasePageTomcatTest"/>
  <testcase name="verifyBasePageSubmitButton" time="0.096" classname="com.lh.common.tests.BasePageTomcatTest"/>
  <testcase name="verifyBasePageHelpLink" time="0.040" classname="com.lh.common.tests.BasePageTomcatTest"/>
  <testcase name="verifyBasePageCreateAccountLink" time="0.224" classname="com.lh.common.tests.BasePageTomcatTest"/>
  <testcase name="verifyBasePageResetPasswordLink" time="0.075" classname="com.lh.common.tests.BasePageTomcatTest"/>
  <testcase name="verifyBasePageLoginLink" time="0.046" classname="com.lh.common.tests.BasePageTomcatTest"/>
  <testcase name="verifyBasePageNavigatePortalText" time="0.043" classname="com.lh.common.tests.BasePageTomcatTest"/>
</testsuite> <!-- com.lh.common.tests.BasePageTomcatTest -->
