<?xml version="1.0" encoding="UTF-8"?>
<!-- Generated by org.testng.reporters.JUnitReportReporter -->
<testsuite hostname="LH11-08" name="com.lh.common.tests.CreateAccountPageTest" tests="1" failures="0" timestamp="3 Apr 2016 21:21:48 GMT" time="6.141" errors="0">
  <testcase name="verifyCreateAnAccounPage" time="6.141" classname="com.lh.common.tests.CreateAccountPageTest"/>
</testsuite> <!-- com.lh.common.tests.CreateAccountPageTest -->
