<?xml version="1.0" encoding="UTF-8"?>
<!-- Generated by org.testng.reporters.JUnitReportReporter -->
<testsuite hostname="biggy" name="com.lh.common.tests.AccountProfilePageTomcatTest" tests="1" failures="0" timestamp="11 Apr 2016 20:04:17 GMT" time="7.860" errors="0">
  <testcase name="verifyAccountProfile" time="7.860" classname="com.lh.common.tests.AccountProfilePageTomcatTest"/>
</testsuite> <!-- com.lh.common.tests.AccountProfilePageTomcatTest -->
