<?xml version="1.0" encoding="UTF-8"?>
<!-- Generated by org.testng.reporters.JUnitReportReporter -->
<testsuite hostname="biggy" name="com.lh.common.tests.SignInPageTomcatTest" tests="1" failures="0" timestamp="8 Apr 2016 22:05:46 GMT" time="3.406" errors="0">
  <testcase name="verifySignInFunction" time="3.406" classname="com.lh.common.tests.SignInPageTomcatTest"/>
</testsuite> <!-- com.lh.common.tests.SignInPageTomcatTest -->
