<?xml version="1.0" encoding="UTF-8"?>
<!-- Generated by org.testng.reporters.JUnitReportReporter -->
<testsuite hostname="biggy" name="com.lh.common.tests.ChangeEmailPageTomcatTest" tests="2" failures="0" timestamp="13 Apr 2016 19:40:46 GMT" time="21.606" errors="0">
  <testcase name="verifyOpenAccountProfilePage" time="12.671" classname="com.lh.common.tests.ChangeEmailPageTomcatTest"/>
  <testcase name="verifyChangeEmailPage" time="8.935" classname="com.lh.common.tests.ChangeEmailPageTomcatTest"/>
</testsuite> <!-- com.lh.common.tests.ChangeEmailPageTomcatTest -->
